<?xml version="1.0" encoding="UTF-8"?>
<!-- Generated by org.testng.reporters.JUnitXMLReporter -->
<testsuite ignored="0" hostname="LAPTOP-DMU344E3" failures="0" tests="9" name="php Travels Sign Up" time="15.788" errors="0" timestamp="09 Apr 2020 19:30:56 GMT">
  <testcase classname="HomeWorkMar22.phpTravels_hwG" name="@BeforeTest beforeTest" time="0.0">
    <failure type="org.openqa.selenium.SessionNotCreatedException" message="session not created
from chrome not reachable
  (Session info: chrome=80.0.3987.163)
Build info: version: &amp;apos;3.141.59&amp;apos;, revision: &amp;apos;e82be7d358&amp;apos;, time: &amp;apos;2018-11-14T08:25:53&amp;apos;
System info: host: &amp;apos;LAPTOP-DMU344E3&amp;apos;, ip: &amp;apos;10.0.0.194&amp;apos;, os.name: &amp;apos;Windows 10&amp;apos;, os.arch: &amp;apos;amd64&amp;apos;, os.version: &amp;apos;10.0&amp;apos;, java.version: &amp;apos;13.0.1&amp;apos;
Driver info: driver.version: ChromeDriver
remote stacktrace: Backtrace:
	Ordinal0 [0x00860C83+1707139]
	Ordinal0 [0x007C68F1+1075441]
	Ordinal0 [0x0073DE72+515698]
	Ordinal0 [0x00737CA8+490664]
	Ordinal0 [0x0073839B+492443]
	Ordinal0 [0x007392F5+496373]
	Ordinal0 [0x00734F05+478981]
	Ordinal0 [0x0073ECA0+519328]
	Ordinal0 [0x006ECA67+182887]
	Ordinal0 [0x006EBDDD+179677]
	Ordinal0 [0x006E9D4B+171339]
	Ordinal0 [0x006D1D4A+73034]
	Ordinal0 [0x006D2DC0+77248]
	Ordinal0 [0x006D2D59+77145]
	Ordinal0 [0x007DBB67+1162087]
	GetHandleVerifier [0x008FA966+508998]
	GetHandleVerifier [0x008FA6A4+508292]
	GetHandleVerifier [0x0090F7B7+594583]
	GetHandleVerifier [0x008FB1D6+511158]
	Ordinal0 [0x007D402C+1130540]
	Ordinal0 [0x007DD4CB+1168587]
	Ordinal0 [0x007DD633+1168947]
	Ordinal0 [0x007F5B35+1268533]
	BaseThreadInitThunk [0x76976359+25]
	RtlGetAppContainerNamedObjectPath [0x778E7B74+228]
	RtlGetAppContainerNamedObjectPath [0x778E7B44+180]
">
      <![CDATA[org.openqa.selenium.SessionNotCreatedException: session not created
from chrome not reachable
  (Session info: chrome=80.0.3987.163)
Build info: version: '3.141.59', revision: 'e82be7d358', time: '2018-11-14T08:25:53'
System info: host: 'LAPTOP-DMU344E3', ip: '10.0.0.194', os.name: 'Windows 10', os.arch: 'amd64', os.version: '10.0', java.version: '13.0.1'
Driver info: driver.version: ChromeDriver
remote stacktrace: Backtrace:
	Ordinal0 [0x00860C83+1707139]
	Ordinal0 [0x007C68F1+1075441]
	Ordinal0 [0x0073DE72+515698]
	Ordinal0 [0x00737CA8+490664]
	Ordinal0 [0x0073839B+492443]
	Ordinal0 [0x007392F5+496373]
	Ordinal0 [0x00734F05+478981]
	Ordinal0 [0x0073ECA0+519328]
	Ordinal0 [0x006ECA67+182887]
	Ordinal0 [0x006EBDDD+179677]
	Ordinal0 [0x006E9D4B+171339]
	Ordinal0 [0x006D1D4A+73034]
	Ordinal0 [0x006D2DC0+77248]
	Ordinal0 [0x006D2D59+77145]
	Ordinal0 [0x007DBB67+1162087]
	GetHandleVerifier [0x008FA966+508998]
	GetHandleVerifier [0x008FA6A4+508292]
	GetHandleVerifier [0x0090F7B7+594583]
	GetHandleVerifier [0x008FB1D6+511158]
	Ordinal0 [0x007D402C+1130540]
	Ordinal0 [0x007DD4CB+1168587]
	Ordinal0 [0x007DD633+1168947]
	Ordinal0 [0x007F5B35+1268533]
	BaseThreadInitThunk [0x76976359+25]
	RtlGetAppContainerNamedObjectPath [0x778E7B74+228]
	RtlGetAppContainerNamedObjectPath [0x778E7B44+180]

	at org.openqa.selenium.remote.W3CHandshakeResponse.lambda$errorHandler$0(W3CHandshakeResponse.java:62)
	at org.openqa.selenium.remote.HandshakeResponse.lambda$getResponseFunction$0(HandshakeResponse.java:30)
	at org.openqa.selenium.remote.ProtocolHandshake.lambda$createSession$0(ProtocolHandshake.java:126)
	at java.base/java.util.stream.ReferencePipeline$3$1.accept(ReferencePipeline.java:195)
	at java.base/java.util.Spliterators$ArraySpliterator.tryAdvance(Spliterators.java:958)
	at java.base/java.util.stream.ReferencePipeline.forEachWithCancel(ReferencePipeline.java:127)
	at java.base/java.util.stream.AbstractPipeline.copyIntoWithCancel(AbstractPipeline.java:502)
	at java.base/java.util.stream.AbstractPipeline.copyInto(AbstractPipeline.java:488)
	at java.base/java.util.stream.AbstractPipeline.wrapAndCopyInto(AbstractPipeline.java:474)
	at java.base/java.util.stream.FindOps$FindOp.evaluateSequential(FindOps.java:150)
	at java.base/java.util.stream.AbstractPipeline.evaluate(AbstractPipeline.java:234)
	at java.base/java.util.stream.ReferencePipeline.findFirst(ReferencePipeline.java:543)
	at org.openqa.selenium.remote.ProtocolHandshake.createSession(ProtocolHandshake.java:128)
	at org.openqa.selenium.remote.ProtocolHandshake.createSession(ProtocolHandshake.java:74)
	at org.openqa.selenium.remote.HttpCommandExecutor.execute(HttpCommandExecutor.java:136)
	at org.openqa.selenium.remote.service.DriverCommandExecutor.execute(DriverCommandExecutor.java:83)
	at org.openqa.selenium.remote.RemoteWebDriver.execute(RemoteWebDriver.java:552)
	at org.openqa.selenium.remote.RemoteWebDriver.startSession(RemoteWebDriver.java:213)
	at org.openqa.selenium.remote.RemoteWebDriver.<init>(RemoteWebDriver.java:131)
	at org.openqa.selenium.chrome.ChromeDriver.<init>(ChromeDriver.java:181)
	at org.openqa.selenium.chrome.ChromeDriver.<init>(ChromeDriver.java:168)
	at org.openqa.selenium.chrome.ChromeDriver.<init>(ChromeDriver.java:123)
	at HomeWorkMar22.phpTravels_hwG.beforeTest(phpTravels_hwG.java:29)
	at java.base/java.util.concurrent.FutureTask.run(FutureTask.java:264)
	at java.base/java.util.concurrent.ThreadPoolExecutor.runWorker(ThreadPoolExecutor.java:1128)
	at java.base/java.util.concurrent.ThreadPoolExecutor$Worker.run(ThreadPoolExecutor.java:628)
	at java.base/java.lang.Thread.run(Thread.java:830)
... Removed 19 stack frames]]>
    </failure>
  </testcase> <!-- @BeforeTest beforeTest -->
  <testcase classname="HomeWorkMar22.phpTravels_hwG" name="@BeforeMethod beforeMethod" time="0.0">
    <skipped/>
  </testcase> <!-- @BeforeMethod beforeMethod -->
  <testcase classname="HomeWorkMar22.phpTravels_hwG" name="@BeforeMethod beforeMethod" time="0.0">
    <skipped/>
  </testcase> <!-- @BeforeMethod beforeMethod -->
  <testcase classname="HomeWorkMar22.phpTravels_hwG" name="@BeforeMethod beforeMethod" time="0.0">
    <skipped/>
  </testcase> <!-- @BeforeMethod beforeMethod -->
  <testcase classname="HomeWorkMar22.phpTravels_hwG" name="@BeforeMethod beforeMethod" time="0.0">
    <skipped/>
  </testcase> <!-- @BeforeMethod beforeMethod -->
  <testcase classname="HomeWorkMar22.phpTravels_hwG" name="@BeforeMethod beforeMethod" time="0.0">
    <skipped/>
  </testcase> <!-- @BeforeMethod beforeMethod -->
  <testcase classname="HomeWorkMar22.phpTravels_hwG" name="@BeforeMethod beforeMethod" time="0.0">
    <skipped/>
  </testcase> <!-- @BeforeMethod beforeMethod -->
  <testcase classname="HomeWorkMar22.phpTravels_hwG" name="@BeforeMethod beforeMethod" time="0.0">
    <skipped/>
  </testcase> <!-- @BeforeMethod beforeMethod -->
  <testcase classname="HomeWorkMar22.phpTravels_hwG" name="@BeforeMethod beforeMethod" time="0.0">
    <skipped/>
  </testcase> <!-- @BeforeMethod beforeMethod -->
  <testcase classname="HomeWorkMar22.phpTravels_hwG" name="@BeforeMethod beforeMethod" time="0.0">
    <skipped/>
  </testcase> <!-- @BeforeMethod beforeMethod -->
  <testcase classname="HomeWorkMar22.phpTravels_hwG" name="@AfterTest afterTest" time="0.0">
    <skipped/>
  </testcase> <!-- @AfterTest afterTest -->
  <testcase classname="HomeWorkMar22.phpTravels_hwG" name="validateFirstName" time="0.001">
    <skipped/>
  </testcase> <!-- validateFirstName -->
  <testcase classname="HomeWorkMar22.phpTravels_hwG" name="validateLastName" time="0.004">
    <skipped/>
  </testcase> <!-- validateLastName -->
  <testcase classname="HomeWorkMar22.phpTravels_hwG" name="validatePhone" time="0.002">
    <skipped/>
  </testcase> <!-- validatePhone -->
  <testcase classname="HomeWorkMar22.phpTravels_hwG" name="validateEmail" time="0.002">
    <skipped/>
  </testcase> <!-- validateEmail -->
  <testcase classname="HomeWorkMar22.phpTravels_hwG" name="validatePassword" time="0.001">
    <skipped/>
  </testcase> <!-- validatePassword -->
  <testcase classname="HomeWorkMar22.phpTravels_hwG" name="validateConfirmPassword" time="0.003">
    <skipped/>
  </testcase> <!-- validateConfirmPassword -->
  <testcase classname="HomeWorkMar22.phpTravels_hwG" name="validateSignUp" time="0.002">
    <skipped/>
  </testcase> <!-- validateSignUp -->
  <testcase classname="HomeWorkMar22.phpTravels_hwG" name="validateTitle" time="0.003">
    <skipped/>
  </testcase> <!-- validateTitle -->
  <testcase classname="HomeWorkMar22.phpTravels_hwG" name="validateUrl" time="0.001">
    <skipped/>
  </testcase> <!-- validateUrl -->
</testsuite> <!-- php Travels Sign Up -->
