<?xml version="1.0" encoding="UTF-8"?>
<!-- Generated by org.testng.reporters.JUnitReportReporter -->
<testsuite ignored="0" hostname="LAPTOP-DMU344E3" failures="0" tests="24" name="HomeWorkMar22.automationPractice_hwD" time="0.024" errors="1" timestamp="09 Jun 2020 00:00:53 GMT" skipped="23">
  <testcase classname="HomeWorkMar22.automationPractice_hwD" name="validateCreateAccount" time="0.002">
    <skipped/>
  </testcase> <!-- validateCreateAccount -->
  <testcase classname="HomeWorkMar22.automationPractice_hwD" name="valdateState" time="0.001">
    <skipped/>
  </testcase> <!-- valdateState -->
  <testcase classname="HomeWorkMar22.automationPractice_hwD" name="validateMobilePhone" time="0.001">
    <skipped/>
  </testcase> <!-- validateMobilePhone -->
  <testcase classname="HomeWorkMar22.automationPractice_hwD" name="validateTitleMr" time="0.001">
    <skipped/>
  </testcase> <!-- validateTitleMr -->
  <testcase classname="HomeWorkMar22.automationPractice_hwD" name="validateAlias" time="0.001">
    <skipped/>
  </testcase> <!-- validateAlias -->
  <testcase classname="HomeWorkMar22.automationPractice_hwD" name="validateSpecialOffers" time="0.000">
    <skipped/>
  </testcase> <!-- validateSpecialOffers -->
  <testcase classname="HomeWorkMar22.automationPractice_hwD" name="valdateZipCode" time="0.001">
    <skipped/>
  </testcase> <!-- valdateZipCode -->
  <testcase classname="HomeWorkMar22.automationPractice_hwD" name="validateAdditionalInformation" time="0.001">
    <skipped/>
  </testcase> <!-- validateAdditionalInformation -->
  <testcase classname="HomeWorkMar22.automationPractice_hwD" name="validateMonth" time="0.001">
    <skipped/>
  </testcase> <!-- validateMonth -->
  <testcase classname="HomeWorkMar22.automationPractice_hwD" name="validateHomePhone" time="0.001">
    <skipped/>
  </testcase> <!-- validateHomePhone -->
  <testcase classname="HomeWorkMar22.automationPractice_hwD" name="validateRegister" time="0.002">
    <skipped/>
  </testcase> <!-- validateRegister -->
  <testcase classname="HomeWorkMar22.automationPractice_hwD" name="validateTitle" time="0.000">
    <skipped/>
  </testcase> <!-- validateTitle -->
  <testcase classname="HomeWorkMar22.automationPractice_hwD" name="validatePassword" time="0.001">
    <skipped/>
  </testcase> <!-- validatePassword -->
  <testcase classname="HomeWorkMar22.automationPractice_hwD" name="validateCompany" time="0.001">
    <skipped/>
  </testcase> <!-- validateCompany -->
  <testcase classname="HomeWorkMar22.automationPractice_hwD" name="validateUrl" time="0.000">
    <skipped/>
  </testcase> <!-- validateUrl -->
  <testcase classname="HomeWorkMar22.automationPractice_hwD" name="beforeTest" time="0.000">
    <error message="session not created
from chrome not reachable
  (Session info: chrome=83.0.4103.97)
Build info: version: &#039;3.141.59&#039;, revision: &#039;e82be7d358&#039;, time: &#039;2018-11-14T08:25:53&#039;
System info: host: &#039;LAPTOP-DMU344E3&#039;, ip: &#039;10.0.0.194&#039;, os.name: &#039;Windows 10&#039;, os.arch: &#039;amd64&#039;, os.version: &#039;10.0&#039;, java.version: &#039;13.0.1&#039;
Driver info: driver.version: ChromeDriver
remote stacktrace: Backtrace:
	Ordinal0 [0x00509563+2725219]
	Ordinal0 [0x00408551+1672529]
	Ordinal0 [0x002F0202+524802]
	Ordinal0 [0x002E99B2+498098]
	Ordinal0 [0x002EA09B+499867]
	Ordinal0 [0x002EAFF5+503797]
	Ordinal0 [0x002E6994+485780]
	Ordinal0 [0x002F0FF0+528368]
	Ordinal0 [0x0029D6C9+186057]
	Ordinal0 [0x0029CA3D+182845]
	Ordinal0 [0x0029A94B+174411]
	Ordinal0 [0x00282528+75048]
	Ordinal0 [0x002835A0+79264]
	Ordinal0 [0x00283539+79161]
	Ordinal0 [0x0041D607+1758727]
	GetHandleVerifier [0x00626546+1050150]
	GetHandleVerifier [0x00626291+1049457]
	GetHandleVerifier [0x006310D7+1094071]
	GetHandleVerifier [0x00626B46+1051686]
	Ordinal0 [0x00415B06+1727238]
	Ordinal0 [0x0041EB7B+1764219]
	Ordinal0 [0x0041ECE3+1764579]
	Ordinal0 [0x00434C05+1854469]
	BaseThreadInitThunk [0x761A6359+25]
	RtlGetAppContainerNamedObjectPath [0x77A77C24+228]
	RtlGetAppContainerNamedObjectPath [0x77A77BF4+180]
" type="org.openqa.selenium.SessionNotCreatedException">
      <![CDATA[org.openqa.selenium.SessionNotCreatedException: session not created
from chrome not reachable
  (Session info: chrome=83.0.4103.97)
Build info: version: '3.141.59', revision: 'e82be7d358', time: '2018-11-14T08:25:53'
System info: host: 'LAPTOP-DMU344E3', ip: '10.0.0.194', os.name: 'Windows 10', os.arch: 'amd64', os.version: '10.0', java.version: '13.0.1'
Driver info: driver.version: ChromeDriver
remote stacktrace: Backtrace:
	Ordinal0 [0x00509563+2725219]
	Ordinal0 [0x00408551+1672529]
	Ordinal0 [0x002F0202+524802]
	Ordinal0 [0x002E99B2+498098]
	Ordinal0 [0x002EA09B+499867]
	Ordinal0 [0x002EAFF5+503797]
	Ordinal0 [0x002E6994+485780]
	Ordinal0 [0x002F0FF0+528368]
	Ordinal0 [0x0029D6C9+186057]
	Ordinal0 [0x0029CA3D+182845]
	Ordinal0 [0x0029A94B+174411]
	Ordinal0 [0x00282528+75048]
	Ordinal0 [0x002835A0+79264]
	Ordinal0 [0x00283539+79161]
	Ordinal0 [0x0041D607+1758727]
	GetHandleVerifier [0x00626546+1050150]
	GetHandleVerifier [0x00626291+1049457]
	GetHandleVerifier [0x006310D7+1094071]
	GetHandleVerifier [0x00626B46+1051686]
	Ordinal0 [0x00415B06+1727238]
	Ordinal0 [0x0041EB7B+1764219]
	Ordinal0 [0x0041ECE3+1764579]
	Ordinal0 [0x00434C05+1854469]
	BaseThreadInitThunk [0x761A6359+25]
	RtlGetAppContainerNamedObjectPath [0x77A77C24+228]
	RtlGetAppContainerNamedObjectPath [0x77A77BF4+180]

	at java.base/jdk.internal.reflect.NativeConstructorAccessorImpl.newInstance0(Native Method)
	at java.base/jdk.internal.reflect.NativeConstructorAccessorImpl.newInstance(NativeConstructorAccessorImpl.java:62)
	at java.base/jdk.internal.reflect.DelegatingConstructorAccessorImpl.newInstance(DelegatingConstructorAccessorImpl.java:45)
	at java.base/java.lang.reflect.Constructor.newInstanceWithCaller(Constructor.java:500)
	at java.base/java.lang.reflect.Constructor.newInstance(Constructor.java:481)
	at org.openqa.selenium.remote.W3CHandshakeResponse.lambda$errorHandler$0(W3CHandshakeResponse.java:62)
	at org.openqa.selenium.remote.HandshakeResponse.lambda$getResponseFunction$0(HandshakeResponse.java:30)
	at org.openqa.selenium.remote.ProtocolHandshake.lambda$createSession$0(ProtocolHandshake.java:126)
	at java.base/java.util.stream.ReferencePipeline$3$1.accept(ReferencePipeline.java:195)
	at java.base/java.util.Spliterators$ArraySpliterator.tryAdvance(Spliterators.java:958)
	at java.base/java.util.stream.ReferencePipeline.forEachWithCancel(ReferencePipeline.java:127)
	at java.base/java.util.stream.AbstractPipeline.copyIntoWithCancel(AbstractPipeline.java:502)
	at java.base/java.util.stream.AbstractPipeline.copyInto(AbstractPipeline.java:488)
	at java.base/java.util.stream.AbstractPipeline.wrapAndCopyInto(AbstractPipeline.java:474)
	at java.base/java.util.stream.FindOps$FindOp.evaluateSequential(FindOps.java:150)
	at java.base/java.util.stream.AbstractPipeline.evaluate(AbstractPipeline.java:234)
	at java.base/java.util.stream.ReferencePipeline.findFirst(ReferencePipeline.java:543)
	at org.openqa.selenium.remote.ProtocolHandshake.createSession(ProtocolHandshake.java:128)
	at org.openqa.selenium.remote.ProtocolHandshake.createSession(ProtocolHandshake.java:74)
	at org.openqa.selenium.remote.HttpCommandExecutor.execute(HttpCommandExecutor.java:136)
	at org.openqa.selenium.remote.service.DriverCommandExecutor.execute(DriverCommandExecutor.java:83)
	at org.openqa.selenium.remote.RemoteWebDriver.execute(RemoteWebDriver.java:552)
	at org.openqa.selenium.remote.RemoteWebDriver.startSession(RemoteWebDriver.java:213)
	at org.openqa.selenium.remote.RemoteWebDriver.<init>(RemoteWebDriver.java:131)
	at org.openqa.selenium.chrome.ChromeDriver.<init>(ChromeDriver.java:181)
	at org.openqa.selenium.chrome.ChromeDriver.<init>(ChromeDriver.java:168)
	at org.openqa.selenium.chrome.ChromeDriver.<init>(ChromeDriver.java:123)
	at HomeWorkMar22.automationPractice_hwD.beforeTest(automationPractice_hwD.java:30)
	at java.base/jdk.internal.reflect.NativeMethodAccessorImpl.invoke0(Native Method)
	at java.base/jdk.internal.reflect.NativeMethodAccessorImpl.invoke(NativeMethodAccessorImpl.java:62)
	at java.base/jdk.internal.reflect.DelegatingMethodAccessorImpl.invoke(DelegatingMethodAccessorImpl.java:43)
	at java.base/java.lang.reflect.Method.invoke(Method.java:567)
	at org.testng.internal.MethodInvocationHelper.invokeMethod(MethodInvocationHelper.java:104)
	at org.testng.internal.Invoker.invokeConfigurationMethod(Invoker.java:515)
	at org.testng.internal.Invoker.invokeConfigurations(Invoker.java:217)
	at org.testng.internal.Invoker.invokeConfigurations(Invoker.java:144)
	at org.testng.TestRunner.beforeRun(TestRunner.java:634)
	at org.testng.TestRunner.run(TestRunner.java:602)
	at org.testng.SuiteRunner.runTest(SuiteRunner.java:387)
	at org.testng.SuiteRunner.runSequentially(SuiteRunner.java:382)
	at org.testng.SuiteRunner.privateRun(SuiteRunner.java:340)
	at org.testng.SuiteRunner.run(SuiteRunner.java:289)
	at org.testng.SuiteRunnerWorker.runSuite(SuiteRunnerWorker.java:52)
	at org.testng.SuiteRunnerWorker.run(SuiteRunnerWorker.java:86)
	at org.testng.TestNG.runSuitesSequentially(TestNG.java:1293)
	at org.testng.TestNG.runSuitesLocally(TestNG.java:1218)
	at org.testng.TestNG.runSuites(TestNG.java:1133)
	at org.testng.TestNG.run(TestNG.java:1104)
	at org.testng.remote.AbstractRemoteTestNG.run(AbstractRemoteTestNG.java:115)
	at org.testng.remote.RemoteTestNG.initAndRun(RemoteTestNG.java:251)
	at org.testng.remote.RemoteTestNG.main(RemoteTestNG.java:77)
]]>
    </error>
  </testcase> <!-- beforeTest -->
  <testcase classname="HomeWorkMar22.automationPractice_hwD" name="validateYear" time="0.001">
    <skipped/>
  </testcase> <!-- validateYear -->
  <testcase classname="HomeWorkMar22.automationPractice_hwD" name="validateDate" time="0.001">
    <skipped/>
  </testcase> <!-- validateDate -->
  <testcase classname="HomeWorkMar22.automationPractice_hwD" name="validateFirstName" time="0.002">
    <skipped/>
  </testcase> <!-- validateFirstName -->
  <testcase classname="HomeWorkMar22.automationPractice_hwD" name="validateCity" time="0.001">
    <skipped/>
  </testcase> <!-- validateCity -->
  <testcase classname="HomeWorkMar22.automationPractice_hwD" name="validateAddress" time="0.001">
    <skipped/>
  </testcase> <!-- validateAddress -->
  <testcase classname="HomeWorkMar22.automationPractice_hwD" name="validateSpecials" time="0.002">
    <skipped/>
  </testcase> <!-- validateSpecials -->
  <testcase classname="HomeWorkMar22.automationPractice_hwD" name="validateLastName" time="0.001">
    <skipped/>
  </testcase> <!-- validateLastName -->
  <testcase classname="HomeWorkMar22.automationPractice_hwD" name="validateNewsLetter" time="0.001">
    <skipped/>
  </testcase> <!-- validateNewsLetter -->
</testsuite> <!-- HomeWorkMar22.automationPractice_hwD -->
