<?xml version="1.0" encoding="UTF-8"?>
<!-- Generated by org.testng.reporters.JUnitReportReporter -->
<testsuite ignored="0" hostname="LAPTOP-DMU344E3" failures="0" tests="15" name="HomeWorkMar22.pageNewTours_hwA" time="0.017" errors="1" timestamp="09 Apr 2020 19:21:12 GMT" skipped="14">
  <testcase classname="HomeWorkMar22.pageNewTours_hwA" name="validateSubmit" time="0.001">
    <skipped/>
  </testcase> <!-- validateSubmit -->
  <testcase classname="HomeWorkMar22.pageNewTours_hwA" name="validateFirstName" time="0.006">
    <skipped/>
  </testcase> <!-- validateFirstName -->
  <testcase classname="HomeWorkMar22.pageNewTours_hwA" name="validateConfirmPassword" time="0.001">
    <skipped/>
  </testcase> <!-- validateConfirmPassword -->
  <testcase classname="HomeWorkMar22.pageNewTours_hwA" name="validateState" time="0.001">
    <skipped/>
  </testcase> <!-- validateState -->
  <testcase classname="HomeWorkMar22.pageNewTours_hwA" name="validatePostalCode" time="0.000">
    <skipped/>
  </testcase> <!-- validatePostalCode -->
  <testcase classname="HomeWorkMar22.pageNewTours_hwA" name="beforeTest" time="0.000">
    <error message="
Parameter &#039;browser&#039; is required by BeforeTest on method beforeTest but has not been marked @Optional or defined
in C:\Users\mszam\AppData\Local\Temp\testng-eclipse--836966422\testng-customsuite.xml" type="org.testng.TestNGException">
      <![CDATA[org.testng.TestNGException: 
Parameter 'browser' is required by BeforeTest on method beforeTest but has not been marked @Optional or defined
in C:\Users\mszam\AppData\Local\Temp\testng-eclipse--836966422\testng-customsuite.xml
	at org.testng.internal.Parameters.createParameters(Parameters.java:199)
	at org.testng.internal.Parameters.createParameters(Parameters.java:443)
	at org.testng.internal.Parameters.createConfigurationParameters(Parameters.java:118)
	at org.testng.internal.Invoker.invokeConfigurations(Invoker.java:203)
	at org.testng.internal.Invoker.invokeConfigurations(Invoker.java:144)
	at org.testng.TestRunner.beforeRun(TestRunner.java:634)
	at org.testng.TestRunner.run(TestRunner.java:602)
	at org.testng.SuiteRunner.runTest(SuiteRunner.java:387)
	at org.testng.SuiteRunner.runSequentially(SuiteRunner.java:382)
	at org.testng.SuiteRunner.privateRun(SuiteRunner.java:340)
	at org.testng.SuiteRunner.run(SuiteRunner.java:289)
	at org.testng.SuiteRunnerWorker.runSuite(SuiteRunnerWorker.java:52)
	at org.testng.SuiteRunnerWorker.run(SuiteRunnerWorker.java:86)
	at org.testng.TestNG.runSuitesSequentially(TestNG.java:1293)
	at org.testng.TestNG.runSuitesLocally(TestNG.java:1218)
	at org.testng.TestNG.runSuites(TestNG.java:1133)
	at org.testng.TestNG.run(TestNG.java:1104)
	at org.testng.remote.AbstractRemoteTestNG.run(AbstractRemoteTestNG.java:115)
	at org.testng.remote.RemoteTestNG.initAndRun(RemoteTestNG.java:251)
	at org.testng.remote.RemoteTestNG.main(RemoteTestNG.java:77)
]]>
    </error>
  </testcase> <!-- beforeTest -->
  <testcase classname="HomeWorkMar22.pageNewTours_hwA" name="validateTitle" time="0.001">
    <skipped/>
  </testcase> <!-- validateTitle -->
  <testcase classname="HomeWorkMar22.pageNewTours_hwA" name="validateAddress" time="0.001">
    <skipped/>
  </testcase> <!-- validateAddress -->
  <testcase classname="HomeWorkMar22.pageNewTours_hwA" name="validateCity" time="0.000">
    <skipped/>
  </testcase> <!-- validateCity -->
  <testcase classname="HomeWorkMar22.pageNewTours_hwA" name="validatePhone" time="0.001">
    <skipped/>
  </testcase> <!-- validatePhone -->
  <testcase classname="HomeWorkMar22.pageNewTours_hwA" name="validateUrl" time="0.001">
    <skipped/>
  </testcase> <!-- validateUrl -->
  <testcase classname="HomeWorkMar22.pageNewTours_hwA" name="validateLastName" time="0.001">
    <skipped/>
  </testcase> <!-- validateLastName -->
  <testcase classname="HomeWorkMar22.pageNewTours_hwA" name="validateUserName" time="0.000">
    <skipped/>
  </testcase> <!-- validateUserName -->
  <testcase classname="HomeWorkMar22.pageNewTours_hwA" name="validateEmail" time="0.001">
    <skipped/>
  </testcase> <!-- validateEmail -->
  <testcase classname="HomeWorkMar22.pageNewTours_hwA" name="validatePassword" time="0.002">
    <skipped/>
  </testcase> <!-- validatePassword -->
</testsuite> <!-- HomeWorkMar22.pageNewTours_hwA -->
